======================================
Job started: Sun Nov  9 01:20:49 UTC 2025
Job ID: 388081
Host: hyper-01-prod-comp-di-0241-225.ec2.internal
Partition: l40s-8-gm384-c192-m1536
Nodes: 1
======================================
======================================
Python: /scratch/tkim462/conda_envs/cognvs/bin/python
Python version: Python 3.11.14
CUDA_VISIBLE_DEVICES: 2,3,4,5,6,7
Number of GPUs: 8
======================================
======================================
Starting training...
======================================
Warning: The cache directory for DeepSpeed Triton autotune, /users/tkim462/.triton/autotune, appears to be on an NFS system. While this is generally acceptable, if you experience slowdowns or hanging when DeepSpeed exits, it is recommended to set the TRITON_CACHE_DIR environment variable to a non-NFS path.
Warning: The cache directory for DeepSpeed Triton autotune, /users/tkim462/.triton/autotune, appears to be on an NFS system. While this is generally acceptable, if you experience slowdowns or hanging when DeepSpeed exits, it is recommended to set the TRITON_CACHE_DIR environment variable to a non-NFS path.
Warning: The cache directory for DeepSpeed Triton autotune, /users/tkim462/.triton/autotune, appears to be on an NFS system. While this is generally acceptable, if you experience slowdowns or hanging when DeepSpeed exits, it is recommended to set the TRITON_CACHE_DIR environment variable to a non-NFS path.
Warning: The cache directory for DeepSpeed Triton autotune, /users/tkim462/.triton/autotune, appears to be on an NFS system. While this is generally acceptable, if you experience slowdowns or hanging when DeepSpeed exits, it is recommended to set the TRITON_CACHE_DIR environment variable to a non-NFS path.
Warning: The cache directory for DeepSpeed Triton autotune, /users/tkim462/.triton/autotune, appears to be on an NFS system. While this is generally acceptable, if you experience slowdowns or hanging when DeepSpeed exits, it is recommended to set the TRITON_CACHE_DIR environment variable to a non-NFS path.
Warning: The cache directory for DeepSpeed Triton autotune, /users/tkim462/.triton/autotune, appears to be on an NFS system. While this is generally acceptable, if you experience slowdowns or hanging when DeepSpeed exits, it is recommended to set the TRITON_CACHE_DIR environment variable to a non-NFS path.
rank: 128
learning_rate: 2e-05
rank: 128
learning_rate: 2e-05
rank: 128
learning_rate: 2e-05
rank: 128
learning_rate: 2e-05
rank: 128
learning_rate: 2e-05
rank: 128
learning_rate: 2e-05
